The system is: Windows - 10.0.18356 - AMD64
Compiling the C compiler identification source file "CMakeCCompilerId.c" succeeded.
Compiler: C:/Program Files (x86)/Microsoft Visual Studio/2017/Community/VC/Tools/MSVC/14.16.27023/bin/Hostx86/x86/cl.exe 
Build flags: 
Id flags:  

The output was:
0
Microsoft (R) C/C++ Optimizing Compiler Version 19.16.27026.1 for x86
Copyright (C) Microsoft Corporation.  All rights reserved.

CMakeCCompilerId.c
Microsoft (R) Incremental Linker Version 14.16.27026.1
Copyright (C) Microsoft Corporation.  All rights reserved.

/out:CMakeCCompilerId.exe 
CMakeCCompilerId.obj 


Compilation of the C compiler identification source "CMakeCCompilerId.c" produced "CMakeCCompilerId.exe"

Compilation of the C compiler identification source "CMakeCCompilerId.c" produced "CMakeCCompilerId.obj"

The C compiler identification is MSVC, found in "C:/Users/uzair/Documents/Year 1/CPS125/Final Project/CPS-125-Lake-Temperatures/cmake-build-debug/CMakeFiles/3.13.2/CompilerIdC/CMakeCCompilerId.exe"

Determining if the C compiler works passed with the following output:
Change Dir: C:/Users/uzair/Documents/Year 1/CPS125/Final Project/CPS-125-Lake-Temperatures/cmake-build-debug/CMakeFiles/CMakeTmp

Run Build Command:"nmake" "/nologo" "cmTC_09672\fast"
	"C:\Program Files (x86)\Microsoft Visual Studio\2017\Community\VC\Tools\MSVC\14.16.27023\bin\HostX86\x86\nmake.exe" -f CMakeFiles\cmTC_09672.dir\build.make /nologo -L                  CMakeFiles\cmTC_09672.dir\build
Building C object CMakeFiles/cmTC_09672.dir/testCCompiler.c.obj
	C:\PROGRA~2\MICROS~2\2017\COMMUN~1\VC\Tools\MSVC\1416~1.270\bin\Hostx86\x86\cl.exe @C:\Users\uzair\AppData\Local\Temp\nm65A2.tmp
testCCompiler.c
Linking C executable cmTC_09672.exe
	"C:\Program Files\JetBrains\CLion 2018.3.3\bin\cmake\win\bin\cmake.exe" -E vs_link_exe --intdir=CMakeFiles\cmTC_09672.dir --manifests  -- C:\PROGRA~2\MICROS~2\2017\COMMUN~1\VC\Tools\MSVC\1416~1.270\bin\Hostx86\x86\link.exe /nologo @CMakeFiles\cmTC_09672.dir\objects1.rsp @C:\Users\uzair\AppData\Local\Temp\nm67B6.tmp


Detecting C compiler ABI info compiled with the following output:
Change Dir: C:/Users/uzair/Documents/Year 1/CPS125/Final Project/CPS-125-Lake-Temperatures/cmake-build-debug/CMakeFiles/CMakeTmp

Run Build Command:"nmake" "/nologo" "cmTC_edebd\fast"
	"C:\Program Files (x86)\Microsoft Visual Studio\2017\Community\VC\Tools\MSVC\14.16.27023\bin\HostX86\x86\nmake.exe" -f CMakeFiles\cmTC_edebd.dir\build.make /nologo -L                  CMakeFiles\cmTC_edebd.dir\build
Building C object CMakeFiles/cmTC_edebd.dir/CMakeCCompilerABI.c.obj
	C:\PROGRA~2\MICROS~2\2017\COMMUN~1\VC\Tools\MSVC\1416~1.270\bin\Hostx86\x86\cl.exe @C:\Users\uzair\AppData\Local\Temp\nm6F95.tmp
CMakeCCompilerABI.c
Linking C executable cmTC_edebd.exe
	"C:\Program Files\JetBrains\CLion 2018.3.3\bin\cmake\win\bin\cmake.exe" -E vs_link_exe --intdir=CMakeFiles\cmTC_edebd.dir --manifests  -- C:\PROGRA~2\MICROS~2\2017\COMMUN~1\VC\Tools\MSVC\1416~1.270\bin\Hostx86\x86\link.exe /nologo @CMakeFiles\cmTC_edebd.dir\objects1.rsp @C:\Users\uzair\AppData\Local\Temp\nm7080.tmp




Detecting C [] compiler features compiled with the following output:
Change Dir: C:/Users/uzair/Documents/Year 1/CPS125/Final Project/CPS-125-Lake-Temperatures/cmake-build-debug/CMakeFiles/CMakeTmp

Run Build Command:"nmake" "/nologo" "cmTC_69823\fast"
	"C:\Program Files (x86)\Microsoft Visual Studio\2017\Community\VC\Tools\MSVC\14.16.27023\bin\HostX86\x86\nmake.exe" -f CMakeFiles\cmTC_69823.dir\build.make /nologo -L                  CMakeFiles\cmTC_69823.dir\build
Building C object CMakeFiles/cmTC_69823.dir/feature_tests.c.obj
	C:\PROGRA~2\MICROS~2\2017\COMMUN~1\VC\Tools\MSVC\1416~1.270\bin\Hostx86\x86\cl.exe @C:\Users\uzair\AppData\Local\Temp\nm75EE.tmp
feature_tests.c
Linking C executable cmTC_69823.exe
	"C:\Program Files\JetBrains\CLion 2018.3.3\bin\cmake\win\bin\cmake.exe" -E vs_link_exe --intdir=CMakeFiles\cmTC_69823.dir --manifests  -- C:\PROGRA~2\MICROS~2\2017\COMMUN~1\VC\Tools\MSVC\1416~1.270\bin\Hostx86\x86\link.exe /nologo @CMakeFiles\cmTC_69823.dir\objects1.rsp @C:\Users\uzair\AppData\Local\Temp\nm76CA.tmp


    Feature record: C_FEATURE:1c_function_prototypes
    Feature record: C_FEATURE:1c_variadic_macros
